<?xml version="1.0" encoding="UTF-8"?>
<!-- Generated by org.testng.reporters.JUnitReportReporter -->
<testsuite hostname="LAPTOP-G35UHTEH" failures="0" tests="1" name="project.github.Login" time="11.466" errors="0" timestamp="2024-08-06T09:17:28 CDT" skipped="0">
  <testcase classname="project.github.Login" name="Login1" time="11.466"/>
</testsuite> <!-- project.github.Login -->
